<?xml version="1.0" encoding="UTF-8"?>
<testng-results ignored="0" total="1" passed="1" failed="0" skipped="0">
  <reporter-output>
  </reporter-output>
  <suite started-at="2023-05-04T20:39:26 IST" name="Default suite" finished-at="2023-05-04T20:39:54 IST" duration-ms="28627">
    <groups>
    </groups>
    <test started-at="2023-05-04T20:39:26 IST" name="Default test" finished-at="2023-05-04T20:39:54 IST" duration-ms="28627">
      <class name="day1.twq">
        <test-method signature="test1()[pri:0, instance:day1.twq@72035809]" started-at="2023-05-04T20:39:26 IST" name="test1" finished-at="2023-05-04T20:39:54 IST" duration-ms="28364" status="PASS">
          <reporter-output>
          </reporter-output>
        </test-method> <!-- test1 -->
      </class> <!-- day1.twq -->
    </test> <!-- Default test -->
  </suite> <!-- Default suite -->
</testng-results>
